 Process in group number  0
 No PDF is used, alpha_s(MZ) from param_card is used
 Value of alpha_s from param_card:   0.118
 The default order of alpha_s running is fixed to  2
 *****************************************************
 *                    MadEvent                       *
 *        --------------------------------           *
 *          http://madgraph.hep.uiuc.edu             *
 *          http://madgraph.phys.ucl.ac.be           *
 *          http://madgraph.roma2.infn.it            *
 *        --------------------------------           *
 *                                                   *
 *         INTEGRATION CHANNEL LOG FILE              *
 *                                                   *
 *****************************************************

 *****************************************************
 *          SUMMARY OF THE SM PARAMETERS             *
 *****************************************************

  EW Parameters:
 ---------------

  GF (10^-5*Ge    1.1660
  1/alpha       127.9000
  M_Z   (GeV)    91.5445


 Boson masses and widths:
 ------------------------

      Z mass  =       91.545 GeV             Z width  =    2.4464 GeV  (calc @ LO)
      W mass  =       80.267 GeV             W width  =    2.0354 GeV  (calc @ LO)
      H mass  =      120.000 GeV             H width  =    0.0068 GeV  (calc @ LO)

 Fermion masses and widths:
 --------------------------

 top    mass  =      174.300 GeV        top    width  =    1.5101 GeV  (calc @ LO)
 bottom mass  =      4.200 GeV        bottom width  =    0.0000 GeV
 charm  mass  =      1.400 GeV        charm  width  =    0.0000 GeV
 tau    mass  =      1.777 GeV        tau    width  =    0.0000 GeV
 all other quark and lepton masses set to zero

 User Model couplings:
 ---------------------

   GAF(L)  =        0.31345      0.00000    GAF(R)  =        0.31345      0.00000
   GAN(L)  =        0.00000      0.00000    GAN(R)  =        0.00000      0.00000
 GEAPX(L)  =        3.54491      0.00000  GEAPX(R)  =        3.54491      0.00000
  GEAP(L)  =        0.31345      0.00000   GEAP(R)  =        0.31345      0.00000

 Boson couplings:
 ----------------

      gwwa  =       0.31345
      gwwz  =       0.57159
      gwwh  =      52.32566     0.00000
      gzzh  =      68.06147     0.00000
      ghhh  =    -175.42461     0.00000

      gwwhh =       0.21248     0.00000
      gzzhh =       0.27638     0.00000
      ghhhh =      -0.71236     0.00000

 FFV couplings:
 --------------

  gal(L)   =        0.31345      0.00000   gal(R)   =        0.31345      0.00000
  gau(L)   =       -0.20897      0.00000   gau(R)   =       -0.20897      0.00000
  gad(L)   =        0.10448      0.00000   gad(R)   =        0.10448      0.00000

  gwf(L)   =       -0.46096      0.00000   gwf(R)   =        0.00000      0.00000

  gzn(L)   =       -0.37174      0.00000   gzn(R)   =        0.00000      0.00000
  gzl(L)   =        0.19985      0.00000   gzl(R)   =       -0.17189      0.00000
  gzu(L)   =       -0.25714      0.00000   gzu(R)   =        0.11459      0.00000
  gzd(L)   =        0.31444      0.00000   gzd(R)   =       -0.05730      0.00000

 FFH couplings:
 --------------

  gHtop(L) =    -0.7077896   0.0000000 gHtop(R) =    -0.7077896   0.0000000
  gHbot(L) =    -0.0170552   0.0000000 gHbot(R) =    -0.0170552   0.0000000
  gHcha(L) =    -0.0050759   0.0000000 gHcha(R) =    -0.0050759   0.0000000
  gHtau(L) =    -0.0072160   0.0000000 gHtau(R) =    -0.0072160   0.0000000

 Strong couplings:
 -----------------

  gg(1)    =    -1.2177158   0.0000000 gg(2)    =    -1.2177158   0.0000000

 User Model masses and widths:
 -----------------------------

       FMASS  =        0.010 GeV            FWIDTH    =    0.0000 GeV  (calc @ LO)
      APMASS  =        0.068 GeV           APWIDTH    =    0.0003 GeV  (calc @ LO)
      HPMASS  =       25.127 GeV           HPWIDTH    =    0.0000 GeV  (calc @ LO)

 User Model Parameters:
 ----------------------
    epsilon   =        1.000 GeV        
    Znuc      =       13.000 GeV        


 Collider parameters:
 --------------------

 Running at e e   machine @   34.7286855 GeV
 PDF set = none   
 alpha_s(Mz)= 0.1180 running at 2 loops.
 alpha_s(Mz)= 0.1180 running at 2 loops.
 Renormalization scale set on event-by-event basis
 Factorization   scale set on event-by-event basis


 getting user params
Enter number of events and iterations: 
 Number of events and iterations  2000 9
Enter desired fractional accuracy: 
 Desired fractional accuracy:  -61819.583
Enter 0 for fixed, 2 for adjustable grid: 
Suppress amplitude (0 no, 1 yes)? 
 Using suppressed amplitude.
Exact helicity sum (0 yes, n = number/event)? 
 Summing over 1 helicities/event
Enter Configuration Number: 
Running Configuration Number:    2
 Not subdividing B.W.
 Attempting mappinvarients 1 6
 Completed mapping 6
 about to integrate  8 2000 9 8 1
 &&&&&&&& call sample_init
 Keeping grid fixed.
  8 dimensions   2000 events  8 invarients  9 iterations  1 config(s),  (0.99)
 Using h-tuple random number sequence.
 Grid read from file
 Grid defined OK
 &&&&&&&& call graph_init
 Mapping Graph 2 to config 2
 myamp l312: xm( 3)=  0.00051109989
 myamp l312: xm( 4)=  25.1267
 myamp l312: xm( 5)=  0.01
 myamp l312: xm( 6)=  0.01
 Setting BW -1 1  0.068
 No modification is setgrid, grid read from file
 No modification is setgrid, grid read from file
 Masses: 0.511E-03 0.251E+02 0.511E-03 0.251E+02 0.100E-01 0.100E-01
   2   1   2   3   4   5   6   7   8
Using random seed offsets     2 :      1
  with seed 305
 Ranmar initialization seeds 2109 9374
  Particle       3       4       5       6
      Et >     0.0     0.0     0.0     0.0
       E >     0.0     0.0     0.0     0.0
     Eta <100000.0100000.0100000.0100000.0
d R # 3  >     0.0     0.0     0.0     0.0
d R # 4  >     0.0     0.0     0.0     0.0
d R # 5  >     0.0     0.0     0.0     0.0
s min # 3>     0.0     0.0     0.0     0.0
s min # 4>     0.0     0.0     0.0     0.0
s min # 5>     0.0     0.0     0.0     0.0
   xqcut:      0.0     0.0     0.0     0.0
xqcutij # 3>     0.0     0.0     0.0     0.0
xqcutij # 4>     0.0     0.0     0.0     0.0
xqcutij # 5>     0.0     0.0     0.0     0.0
 No cut BW  -1 1
 alpha_s for scale   0. is   0.118
 Iteration  1   Mean: 0.1482E+11   Fluctuation:  0.146E+10   0.124E+13    76.9%
  1   0.1482E+11 +- 0.1456E+10      4.39
 Writing out events  1070860.16  4.39498295
 Iteration  2   Mean: 0.1772E+11   Fluctuation:  0.114E+10   0.110E+13    76.8%
  2   0.1772E+11 +- 0.1137E+10      4.06
 Found  351 events.
 Wrote  86 events.
 Correct xsec   0.
 Event xsec   0.
 Events wgts > 1:  0
 % Cross section > 1:   0.  NAN
 Iteration  3   Mean: 0.1588E+11   Fluctuation:  0.785E+09   0.309E+13    76.9%
  3   0.1588E+11 +- 0.7845E+09      4.42
 No improvement in events 44 86
 Checking number of events -61819.583 86
 No improvement in events 42 86
 Iteration  4   Mean: 0.1613E+11   Fluctuation:  0.557E+09   0.327E+13    77.2%
  4   0.1613E+11 +- 0.5566E+09      4.37
 Found  1320 events.
 Wrote  189 events.
 Correct xsec   1.63187347E+10
 Event xsec   1.63187347E+10
 Events wgts > 1:  3
 % Cross section > 1:   114641366.  0.702513814
 Checking number of events -61819.583 189
 No improvement in events 154 189
 Iteration  5   Mean: 0.1604E+11   Fluctuation:  0.374E+09   0.228E+13    77.2%
  5   0.1604E+11 +- 0.3742E+09      4.17
 Found  2706 events.
 Wrote  534 events.
 Correct xsec   1.60432788E+10
 Event xsec   1.60432788E+10
 Events wgts > 1:  13
 % Cross section > 1:   149133687.  0.929571125
 Checking number of events -61819.583 534
 No improvement in events 501 534
 Iteration  6   Mean: 0.1567E+11   Fluctuation:  0.254E+09   0.309E+13    77.2%
  6   0.1567E+11 +- 0.2537E+09      4.10
 Found  5303 events.
 Wrote  1035 events.
 Correct xsec   1.58346088E+10
 Event xsec   1.58346088E+10
 Events wgts > 1:  27
 % Cross section > 1:   159099625.  1.0047588
 Checking number of events -61819.583 1035
 Found  5303 events.
 Wrote  1056 events.
 Correct xsec   1.58346088E+10
 Event xsec   1.58346088E+10
 Events wgts > 1:  27
 % Cross section > 1:   155966876.  0.984974605
 Iteration  7   Mean: 0.1628E+11   Fluctuation:  0.194E+09   0.306E+13    77.1%
  7   0.1628E+11 +- 0.1944E+09      4.27
 Found  10905 events.
 Wrote  1701 events.
 Correct xsec   1.60623668E+10
 Event xsec   1.60623668E+10
 Events wgts > 1:  44
 % Cross section > 1:   157234146.  0.978897739
 Checking number of events -61819.583 1701
 Found  10905 events.
 Wrote  1713 events.
 Correct xsec   1.60623668E+10
 Event xsec   1.60623668E+10
 Events wgts > 1:  44
 % Cross section > 1:   156143388.  0.972106973
 Iteration  8   Mean: 0.1626E+11   Fluctuation:  0.137E+09   0.358E+13    77.1%
  8   0.1626E+11 +- 0.1368E+09      4.26
 Found  21290 events.
 Wrote  3827 events.
 Correct xsec   1.61767293E+10
 Event xsec   1.61767293E+10
 Events wgts > 1:  110
 % Cross section > 1:   161342015.  0.997371053
 Checking number of events -61819.583 3827
 No improvement in events 3812 3827
 Iteration  9   Mean: 0.1617E+11   Fluctuation:  0.101E+09   0.153E+14    77.1%
  9   0.1617E+11 +- 0.1014E+09      4.49
 Found  42492 events.
 Wrote  6564 events.
 Correct xsec   1.62133035E+10
 Event xsec   1.62133035E+10
 Events wgts > 1:  141
 % Cross section > 1:   162631890.  1.00307682
 Checking number of events -61819.583 6564
 No improvement in events 6542 6564

 -------------------------------------------------------------------------------
 Accumulated results:   Integral =  0.1617E+11
                        Std dev  =  0.6969E+08
             Chi**2 per DoF.     =      0.9546
 -------------------------------------------------------------------------------
 &&&&&&&& end do 99
 &&&&&&&& xxxxd
-----------------------------------------------------
---------------------------
 Results Last 3 iters:  Integral =   0.1621E+11
                         Std dev =   0.7512E+08
                 Chi**2 per DoF. =      0.2232
-----------------------------------------------------
---------------------------
 &&&&&&&& xxxxe
 Status -61819.583 10 9
 &&&&&&&& xxxxf
 Trying w/ fresh grid
 &&&&&&&& xxxxg
 &&&&&&&& xxxxh
 Starting w/ ncall =  8000
 &&&&&&&& call sample_init
 Keeping grid fixed.
  8 dimensions   8000 events  8 invarients  8 iterations  1 config(s),  (0.99)
 Using h-tuple random number sequence.
 Error opening grid
 Using Uniform Grid!
 Using uniform alpha  1.
 Grid defined OK
 &&&&&&&& call_clear_events
 Found  42492 events.
 Wrote  6655 events.
 Correct xsec   0.
 Event xsec   0.
 Events wgts > 1:  0
 % Cross section > 1:   0.  NAN
 &&&&&&&& call set_peaks
 myamp l312: xm( 3)=  0.00051109989
 myamp l312: xm( 4)=  25.1267
 myamp l312: xm( 5)=  0.01
 myamp l312: xm( 6)=  0.01
 Setting BW -1 1  0.068
Setting grid   2    0.38025E-05    0.21162E-09   1
Setting grid   3    0.38025E-05    0.00000E+00   1
 &&&&&&&& (done)
 &&&&&&&& start do L286
 Iteration  1   Mean: 0.9150E+10   Fluctuation:  0.350E+10   0.243E+14    14.4%
  1   0.9150E+10 +- 0.3503E+10     34.24
 No improvement in events 4 6655
 Iteration  2   Mean: 0.6686E+10   Fluctuation:  0.930E+09   0.857E+13    54.9%
  2   0.6686E+10 +- 0.9300E+09     17.59
 No improvement in events 9 6655
 Iteration  3   Mean: 0.1235E+11   Fluctuation:  0.163E+10   0.404E+14    76.1%
  3   0.1235E+11 +- 0.1635E+10     23.67
 No improvement in events 13 6655
 Checking number of events -61819.583 6655
 No improvement in events 10 6655
 Iteration  4   Mean: 0.1886E+11   Fluctuation:  0.298E+10   0.141E+15    84.5%
  4   0.1886E+11 +- 0.2975E+10     39.90
 No improvement in events 8 6655
 Checking number of events -61819.583 6655
 No improvement in events 6 6655
 Iteration  5   Mean: 0.1509E+11   Fluctuation:  0.465E+09   0.187E+14    83.7%
  5   0.1509E+11 +- 0.4647E+09     11.02
 Exceeded boost 2 2  128000.
 No improvement in events 169 6655
 Checking number of events -61819.583 6655
 No improvement in events 170 6655
 Fixing grid
 Iteration  6   Mean: 0.1580E+11   Fluctuation:  0.243E+09   0.200E+14    84.1%
  6   0.1580E+11 +- 0.2427E+09      7.77
 No improvement in events 495 6655
 Checking number of events -61819.583 6655
 No improvement in events 489 6655
 Iteration  7   Mean: 0.1630E+11   Fluctuation:  0.226E+09   0.403E+14    84.2%
  7   0.1630E+11 +- 0.2258E+09      9.91
 No improvement in events 556 6655
 Checking number of events -61819.583 6655
 No improvement in events 535 6655
 Iteration  8   Mean: 0.1655E+11   Fluctuation:  0.581E+09   0.564E+15    84.2%
  8   0.1655E+11 +- 0.5811E+09     35.52
 No improvement in events 33 6655
 Checking number of events -61819.583 6655
 No improvement in events 32 6655

 -------------------------------------------------------------------------------
 Accumulated results:   Integral =  0.1597E+11
                        Std dev  =  0.1491E+09
             Chi**2 per DoF.     =      4.2855
 -------------------------------------------------------------------------------
 &&&&&&&& ended loop 199
 &&&&&&&& ended loop L337
 &&&&&&&& ended loop L351
 &&&&&&&& ended loop L364
-----------------------------------------------------
---------------------------
 Results Last 3 iters:  Integral =   0.1612E+11
                         Std dev =   0.1591E+09
                 Chi**2 per DoF. =      1.4780
-----------------------------------------------------
---------------------------
 &&&&&&&& leaving sample_full
 No improvement in events 0 6655
