 Process in group number  0
 No PDF is used, alpha_s(MZ) from param_card is used
 Value of alpha_s from param_card:   0.118
 The default order of alpha_s running is fixed to  2
 *****************************************************
 *                    MadEvent                       *
 *        --------------------------------           *
 *          http://madgraph.hep.uiuc.edu             *
 *          http://madgraph.phys.ucl.ac.be           *
 *          http://madgraph.roma2.infn.it            *
 *        --------------------------------           *
 *                                                   *
 *         INTEGRATION CHANNEL LOG FILE              *
 *                                                   *
 *****************************************************

 *****************************************************
 *          SUMMARY OF THE SM PARAMETERS             *
 *****************************************************

  EW Parameters:
 ---------------

  GF (10^-5*Ge    1.1660
  1/alpha       127.9000
  M_Z   (GeV)    91.5445


 Boson masses and widths:
 ------------------------

      Z mass  =       91.545 GeV             Z width  =    2.4464 GeV  (calc @ LO)
      W mass  =       80.267 GeV             W width  =    2.0354 GeV  (calc @ LO)
      H mass  =      120.000 GeV             H width  =    0.0068 GeV  (calc @ LO)

 Fermion masses and widths:
 --------------------------

 top    mass  =      174.300 GeV        top    width  =    1.5101 GeV  (calc @ LO)
 bottom mass  =      4.200 GeV        bottom width  =    0.0000 GeV
 charm  mass  =      1.400 GeV        charm  width  =    0.0000 GeV
 tau    mass  =      1.777 GeV        tau    width  =    0.0000 GeV
 all other quark and lepton masses set to zero

 User Model couplings:
 ---------------------

   GAF(L)  =        0.31345      0.00000    GAF(R)  =        0.31345      0.00000
   GAN(L)  =        0.00000      0.00000    GAN(R)  =        0.00000      0.00000
 GEAPX(L)  =        3.54491      0.00000  GEAPX(R)  =        3.54491      0.00000
  GEAP(L)  =        0.31345      0.00000   GEAP(R)  =        0.31345      0.00000

 Boson couplings:
 ----------------

      gwwa  =       0.31345
      gwwz  =       0.57159
      gwwh  =      52.32566     0.00000
      gzzh  =      68.06147     0.00000
      ghhh  =    -175.42461     0.00000

      gwwhh =       0.21248     0.00000
      gzzhh =       0.27638     0.00000
      ghhhh =      -0.71236     0.00000

 FFV couplings:
 --------------

  gal(L)   =        0.31345      0.00000   gal(R)   =        0.31345      0.00000
  gau(L)   =       -0.20897      0.00000   gau(R)   =       -0.20897      0.00000
  gad(L)   =        0.10448      0.00000   gad(R)   =        0.10448      0.00000

  gwf(L)   =       -0.46096      0.00000   gwf(R)   =        0.00000      0.00000

  gzn(L)   =       -0.37174      0.00000   gzn(R)   =        0.00000      0.00000
  gzl(L)   =        0.19985      0.00000   gzl(R)   =       -0.17189      0.00000
  gzu(L)   =       -0.25714      0.00000   gzu(R)   =        0.11459      0.00000
  gzd(L)   =        0.31444      0.00000   gzd(R)   =       -0.05730      0.00000

 FFH couplings:
 --------------

  gHtop(L) =    -0.7077896   0.0000000 gHtop(R) =    -0.7077896   0.0000000
  gHbot(L) =    -0.0170552   0.0000000 gHbot(R) =    -0.0170552   0.0000000
  gHcha(L) =    -0.0050759   0.0000000 gHcha(R) =    -0.0050759   0.0000000
  gHtau(L) =    -0.0072160   0.0000000 gHtau(R) =    -0.0072160   0.0000000

 Strong couplings:
 -----------------

  gg(1)    =    -1.2177158   0.0000000 gg(2)    =    -1.2177158   0.0000000

 User Model masses and widths:
 -----------------------------

       FMASS  =        0.010 GeV            FWIDTH    =    0.0000 GeV  (calc @ LO)
      APMASS  =        0.068 GeV           APWIDTH    =    0.0003 GeV  (calc @ LO)
      HPMASS  =       25.127 GeV           HPWIDTH    =    0.0000 GeV  (calc @ LO)

 User Model Parameters:
 ----------------------
    epsilon   =        1.000 GeV        
    Znuc      =       13.000 GeV        


 Collider parameters:
 --------------------

 Running at e e   machine @   34.7286855 GeV
 PDF set = none   
 alpha_s(Mz)= 0.1180 running at 2 loops.
 alpha_s(Mz)= 0.1180 running at 2 loops.
 Renormalization scale set on event-by-event basis
 Factorization   scale set on event-by-event basis


 getting user params
Enter number of events and iterations: 
 Number of events and iterations  2000 9
Enter desired fractional accuracy: 
 Desired fractional accuracy:  -58632.277
Enter 0 for fixed, 2 for adjustable grid: 
Suppress amplitude (0 no, 1 yes)? 
 Using suppressed amplitude.
Exact helicity sum (0 yes, n = number/event)? 
 Summing over 1 helicities/event
Enter Configuration Number: 
Running Configuration Number:    1
 Not subdividing B.W.
 Attempting mappinvarients 1 6
 Completed mapping 6
 about to integrate  8 2000 9 8 1
 &&&&&&&& call sample_init
 Keeping grid fixed.
  8 dimensions   2000 events  8 invarients  9 iterations  1 config(s),  (0.99)
 Using h-tuple random number sequence.
 Grid read from file
 Grid defined OK
 &&&&&&&& call graph_init
 Mapping Graph 1 to config 1
 myamp l312: xm( 3)=  0.00051109989
 myamp l312: xm( 4)=  25.1267
 myamp l312: xm( 5)=  0.01
 myamp l312: xm( 6)=  0.01
 Setting BW -1 1  0.068
 No modification is setgrid, grid read from file
 No modification is setgrid, grid read from file
 Masses: 0.511E-03 0.251E+02 0.511E-03 0.251E+02 0.100E-01 0.100E-01
   1   1   2   3   4   5   6   7   8
Using random seed offsets     1 :      1
  with seed 306
 Ranmar initialization seeds 2109 9374
  Particle       3       4       5       6
      Et >     0.0     0.0     0.0     0.0
       E >     0.0     0.0     0.0     0.0
     Eta <100000.0100000.0100000.0100000.0
d R # 3  >     0.0     0.0     0.0     0.0
d R # 4  >     0.0     0.0     0.0     0.0
d R # 5  >     0.0     0.0     0.0     0.0
s min # 3>     0.0     0.0     0.0     0.0
s min # 4>     0.0     0.0     0.0     0.0
s min # 5>     0.0     0.0     0.0     0.0
   xqcut:      0.0     0.0     0.0     0.0
xqcutij # 3>     0.0     0.0     0.0     0.0
xqcutij # 4>     0.0     0.0     0.0     0.0
xqcutij # 5>     0.0     0.0     0.0     0.0
 No cut BW  -1 1
 alpha_s for scale   0. is   0.118
 Iteration  1   Mean: 0.1368E+11   Fluctuation:  0.119E+10   0.749E+12    10.8%
  1   0.1368E+11 +- 0.1193E+10      3.90
 Writing out events  7050886.31  3.89814603
 Iteration  2   Mean: 0.1522E+11   Fluctuation:  0.936E+09   0.741E+12    11.0%
  2   0.1522E+11 +- 0.9359E+09      3.89
 Found  646 events.
 Wrote  116 events.
 Correct xsec   0.
 Event xsec   0.
 Events wgts > 1:  0
 % Cross section > 1:   0.  NAN
 Iteration  3   Mean: 0.1426E+11   Fluctuation:  0.654E+09   0.155E+13    10.7%
  3   0.1426E+11 +- 0.6544E+09      4.10
 Found  1262 events.
 Wrote  158 events.
 Correct xsec   1.44649281E+10
 Event xsec   1.44649281E+10
 Events wgts > 1:  5
 % Cross section > 1:   139376494.  0.963547781
 Checking number of events -58632.277 158
 Found  1262 events.
 Wrote  159 events.
 Correct xsec   1.44649281E+10
 Event xsec   1.44649281E+10
 Events wgts > 1:  5
 % Cross section > 1:   138508306.  0.95754576
 Iteration  4   Mean: 0.1532E+11   Fluctuation:  0.481E+09   0.116E+13    10.9%
  4   0.1532E+11 +- 0.4814E+09      3.98
 Found  2572 events.
 Wrote  365 events.
 Correct xsec   1.50161628E+10
 Event xsec   1.50161628E+10
 Events wgts > 1:  17
 % Cross section > 1:   149918882.  0.998383434
 Checking number of events -58632.277 365
 Found  2572 events.
 Wrote  395 events.
 Correct xsec   1.50161628E+10
 Event xsec   1.50161628E+10
 Events wgts > 1:  17
 % Cross section > 1:   138637762.  0.923256918
 Iteration  5   Mean: 0.1456E+11   Fluctuation:  0.323E+09   0.106E+13    10.9%
  5   0.1456E+11 +- 0.3230E+09      3.97
 Found  5026 events.
 Wrote  704 events.
 Correct xsec   1.47387476E+10
 Event xsec   1.47387476E+10
 Events wgts > 1:  31
 % Cross section > 1:   148563397.  1.00797843
 Checking number of events -58632.277 704
 Found  5026 events.
 Wrote  740 events.
 Correct xsec   1.47387476E+10
 Event xsec   1.47387476E+10
 Events wgts > 1:  31
 % Cross section > 1:   141405329.  0.95941211
 Iteration  6   Mean: 0.1420E+11   Fluctuation:  0.223E+09   0.114E+13    11.0%
  6   0.1420E+11 +- 0.2235E+09      3.98
 Found  10211 events.
 Wrote  1351 events.
 Correct xsec   1.44642636E+10
 Event xsec   1.44642636E+10
 Events wgts > 1:  52
 % Cross section > 1:   141846270.  0.980667067
 Checking number of events -58632.277 1351
 Found  10211 events.
 Wrote  1368 events.
 Correct xsec   1.44642636E+10
 Event xsec   1.44642636E+10
 Events wgts > 1:  52
 % Cross section > 1:   140100634.  0.968598454
 Iteration  7   Mean: 0.1482E+11   Fluctuation:  0.172E+09   0.510E+13    10.9%
  7   0.1482E+11 +- 0.1716E+09      4.14
 Found  20586 events.
 Wrote  2490 events.
 Correct xsec   1.45958419E+10
 Event xsec   1.45958419E+10
 Events wgts > 1:  70
 % Cross section > 1:   143974440.  0.986407234
 Checking number of events -58632.277 2490
 No improvement in events 2430 2490
 Iteration  8   Mean: 0.1456E+11   Fluctuation:  0.117E+09   0.343E+13    10.9%
  8   0.1456E+11 +- 0.1171E+09      4.07
 Found  40635 events.
 Wrote  5142 events.
 Correct xsec   1.45793962E+10
 Event xsec   1.45793962E+10
 Events wgts > 1:  156
 % Cross section > 1:   147289529.  1.01025808
 Checking number of events -58632.277 5142
 Found  40635 events.
 Wrote  5154 events.
 Correct xsec   1.45793962E+10
 Event xsec   1.45793962E+10
 Events wgts > 1:  156
 % Cross section > 1:   146950053.  1.00792962
 Iteration  9   Mean: 0.1447E+11   Fluctuation:  0.816E+08   0.240E+13    10.9%
  9   0.1447E+11 +- 0.8158E+08      4.03
 Found  81621 events.
 Wrote  10561 events.
 Correct xsec   1.45462917E+10
 Event xsec   1.45462917E+10
 Events wgts > 1:  344
 % Cross section > 1:   146254207.  1.00543981
 Checking number of events -58632.277 10561
 Found  81621 events.
 Wrote  10732 events.
 Correct xsec   1.45462917E+10
 Event xsec   1.45462917E+10
 Events wgts > 1:  344
 % Cross section > 1:   143946903.  0.989578007

 -------------------------------------------------------------------------------
 Accumulated results:   Integral =  0.1454E+11
                        Std dev  =  0.5821E+08
             Chi**2 per DoF.     =      1.2174
 -------------------------------------------------------------------------------
 &&&&&&&& end do 99
 &&&&&&&& xxxxd
-----------------------------------------------------
---------------------------
 Results Last 3 iters:  Integral =   0.1455E+11
                         Std dev =   0.6236E+08
                 Chi**2 per DoF. =      1.6661
-----------------------------------------------------
---------------------------
 &&&&&&&& xxxxe
 Status -58632.277 10 9
 &&&&&&&& xxxxf
 Trying w/ fresh grid
 &&&&&&&& xxxxg
 &&&&&&&& xxxxh
 Starting w/ ncall =  8000
 &&&&&&&& call sample_init
 Keeping grid fixed.
  8 dimensions   8000 events  8 invarients  8 iterations  1 config(s),  (0.99)
 Using h-tuple random number sequence.
 Error opening grid
 Using Uniform Grid!
 Using uniform alpha  1.
 Grid defined OK
 &&&&&&&& call_clear_events
 No improvement in events 10581 10732
 &&&&&&&& call set_peaks
 myamp l312: xm( 3)=  0.00051109989
 myamp l312: xm( 4)=  25.1267
 myamp l312: xm( 5)=  0.01
 myamp l312: xm( 6)=  0.01
 Setting BW -1 1  0.068
Setting grid   2    0.21162E-09   -0.21162E-09   1
Setting grid   3    0.37460E-05    0.00000E+00   1
 &&&&&&&& (done)
 &&&&&&&& start do L286
 Iteration  1   Mean: 0.4071E+10   Fluctuation:  0.139E+10   0.999E+13    15.1%
  1   0.4071E+10 +- 0.1390E+10     30.54
 No improvement in events 2 10732
 Iteration  2   Mean: 0.7888E+10   Fluctuation:  0.151E+10   0.165E+14    18.9%
  2   0.7888E+10 +- 0.1514E+10     24.28
 No improvement in events 10 10732
 Iteration  3   Mean: 0.1474E+11   Fluctuation:  0.383E+10   0.117E+15    16.7%
  3   0.1474E+11 +- 0.3833E+10     46.52
 No improvement in events 5 10732
 Checking number of events -58632.277 10732
 No improvement in events 8 10732
 Iteration  4   Mean: 0.1641E+11   Fluctuation:  0.196E+10   0.108E+15    14.7%
  4   0.1641E+11 +- 0.1960E+10     30.22
 No improvement in events 13 10732
 Checking number of events -58632.277 10732
 No improvement in events 11 10732
 Iteration  5   Mean: 0.1400E+11   Fluctuation:  0.307E+09   0.174E+14    13.9%
  5   0.1400E+11 +- 0.3070E+09      7.84
 Exceeded boost 7 96  128000.
 No improvement in events 188 10732
 Checking number of events -58632.277 10732
 No improvement in events 197 10732
 Fixing grid
 Iteration  6   Mean: 0.1509E+11   Fluctuation:  0.171E+09   0.731E+13    12.1%
  6   0.1509E+11 +- 0.1713E+09      5.75
 No improvement in events 1443 10732
 Checking number of events -58632.277 10732
 No improvement in events 1459 10732
 Iteration  7   Mean: 0.1484E+11   Fluctuation:  0.123E+09   0.153E+14    12.1%
  7   0.1484E+11 +- 0.1233E+09      5.94
 No improvement in events 2809 10732
 Checking number of events -58632.277 10732
 No improvement in events 2670 10732
 Iteration  8   Mean: 0.1490E+11   Fluctuation:  0.845E+08   0.129E+14    12.1%
  8   0.1490E+11 +- 0.8451E+08      5.74
 No improvement in events 4380 10732
 Checking number of events -58632.277 10732
 No improvement in events 4357 10732

 -------------------------------------------------------------------------------
 Accumulated results:   Integral =  0.1487E+11
                        Std dev  =  0.6312E+08
             Chi**2 per DoF.     =      2.8842
 -------------------------------------------------------------------------------
 &&&&&&&& ended loop 199
 &&&&&&&& ended loop L337
 &&&&&&&& ended loop L351
 &&&&&&&& ended loop L364
-----------------------------------------------------
---------------------------
 Results Last 3 iters:  Integral =   0.1491E+11
                         Std dev =   0.6457E+08
                 Chi**2 per DoF. =      0.7118
-----------------------------------------------------
---------------------------
 &&&&&&&& leaving sample_full
 No improvement in events 0 10732
