 Full compression. Using symmetry and assuming B.W.
 No PDF is used, alpha_s(MZ) from param_card is used
 Value of alpha_s from param_card:   0.118
 The default order of alpha_s running is fixed to  2
 *****************************************************
 *                    MadEvent                       *
 *        --------------------------------           *
 *          http://madgraph.hep.uiuc.edu             *
 *          http://madgraph.phys.ucl.ac.be           *
 *          http://madgraph.roma2.infn.it            *
 *        --------------------------------           *
 *                                                   *
 *         INTEGRATION CHANNEL LOG FILE              *
 *                                                   *
 *****************************************************

 *****************************************************
 *          SUMMARY OF THE SM PARAMETERS             *
 *****************************************************

  EW Parameters:
 ---------------

  GF (10^-5*Ge    1.1660
  1/alpha       127.9000
  M_Z   (GeV)    91.5445


 Boson masses and widths:
 ------------------------

      Z mass  =       91.545 GeV             Z width  =    2.4464 GeV  (calc @ LO)
      W mass  =       80.267 GeV             W width  =    2.0354 GeV  (calc @ LO)
      H mass  =      120.000 GeV             H width  =    0.0068 GeV  (calc @ LO)

 Fermion masses and widths:
 --------------------------

 top    mass  =      174.300 GeV        top    width  =    1.5101 GeV  (calc @ LO)
 bottom mass  =      4.200 GeV        bottom width  =    0.0000 GeV
 charm  mass  =      1.400 GeV        charm  width  =    0.0000 GeV
 tau    mass  =      1.777 GeV        tau    width  =    0.0000 GeV
 all other quark and lepton masses set to zero

 User Model couplings:
 ---------------------

   GAF(L)  =        0.31345      0.00000    GAF(R)  =        0.31345      0.00000
   GAN(L)  =        0.00000      0.00000    GAN(R)  =        0.00000      0.00000
 GEAPX(L)  =        3.54491      0.00000  GEAPX(R)  =        3.54491      0.00000
  GEAP(L)  =        0.31345      0.00000   GEAP(R)  =        0.31345      0.00000

 Boson couplings:
 ----------------

      gwwa  =       0.31345
      gwwz  =       0.57159
      gwwh  =      52.32566     0.00000
      gzzh  =      68.06147     0.00000
      ghhh  =    -175.42461     0.00000

      gwwhh =       0.21248     0.00000
      gzzhh =       0.27638     0.00000
      ghhhh =      -0.71236     0.00000

 FFV couplings:
 --------------

  gal(L)   =        0.31345      0.00000   gal(R)   =        0.31345      0.00000
  gau(L)   =       -0.20897      0.00000   gau(R)   =       -0.20897      0.00000
  gad(L)   =        0.10448      0.00000   gad(R)   =        0.10448      0.00000

  gwf(L)   =       -0.46096      0.00000   gwf(R)   =        0.00000      0.00000

  gzn(L)   =       -0.37174      0.00000   gzn(R)   =        0.00000      0.00000
  gzl(L)   =        0.19985      0.00000   gzl(R)   =       -0.17189      0.00000
  gzu(L)   =       -0.25714      0.00000   gzu(R)   =        0.11459      0.00000
  gzd(L)   =        0.31444      0.00000   gzd(R)   =       -0.05730      0.00000

 FFH couplings:
 --------------

  gHtop(L) =    -0.7077896   0.0000000 gHtop(R) =    -0.7077896   0.0000000
  gHbot(L) =    -0.0170552   0.0000000 gHbot(R) =    -0.0170552   0.0000000
  gHcha(L) =    -0.0050759   0.0000000 gHcha(R) =    -0.0050759   0.0000000
  gHtau(L) =    -0.0072160   0.0000000 gHtau(R) =    -0.0072160   0.0000000

 Strong couplings:
 -----------------

  gg(1)    =    -1.2177158   0.0000000 gg(2)    =    -1.2177158   0.0000000

 User Model masses and widths:
 -----------------------------

       FMASS  =        0.010 GeV            FWIDTH    =    0.0000 GeV  (calc @ LO)
      APMASS  =        0.068 GeV           APWIDTH    =    0.0003 GeV  (calc @ LO)
      HPMASS  =       25.127 GeV           HPWIDTH    =    0.0000 GeV  (calc @ LO)

 User Model Parameters:
 ----------------------
    epsilon   =        1.000 GeV        
    Znuc      =       13.000 GeV        


 Collider parameters:
 --------------------

 Running at e e   machine @   34.7286855 GeV
 PDF set = none   
 alpha_s(Mz)= 0.1180 running at 2 loops.
 alpha_s(Mz)= 0.1180 running at 2 loops.
 Renormalization scale set on event-by-event basis
 Factorization   scale set on event-by-event basis


 Using non-zero grid deformation.
 22 dimensions  10000 events 35 invarients 10 iterations  1 config(s),  (0.99)
 Using h-tuple random number sequence.
 No invarient mapping defined, using 1 to 1.
 Error opening grid
 Using Uniform Grid!
 Using uniform alpha  1.
 Grid defined OK
 Mapping Graph 1 to config 1
 myamp l312: xm( 3)=  0.00051109989
 myamp l312: xm( 4)=  25.1267
 myamp l312: xm( 5)=  0.01
 myamp l312: xm( 6)=  0.01
 Setting BW -1 1  0.068
Setting grid   2    0.21162E-09   -0.21162E-09   1
Setting grid   3    0.37460E-05    0.00000E+00   1
 Masses: 0.511E-03 0.251E+02 0.511E-03 0.251E+02 0.100E-01 0.100E-01
   1   1   2   3   4   5   6   7   8
Using random seed offsets     1 :      1
  with seed 306
 Ranmar initialization seeds 2109 9374
   1    0.85820E+01    0.00000E+00    0.00000E+00    0.85820E+01
   2    0.26552E+02    0.00000E+00    0.00000E+00   -0.85820E+01
   3    0.18967E+01    0.12254E+00    0.58683E+00    0.17995E+01
   4    0.26532E+02   -0.58676E-01   -0.50439E+00   -0.85039E+01
   5    0.49343E+01   -0.26346E-01   -0.80318E-01    0.49335E+01
   6    0.17714E+01   -0.37519E-01   -0.21239E-02    0.17709E+01
 Bad swap 1 2 4 3 5 6
 Bad swap 1 2 5 3 4 6
 Bad swap 1 2 3 5 4 6
 Bad swap 1 2 4 5 3 6
 Bad swap 1 2 5 4 3 6
 Bad swap 1 2 6 4 3 5
 Bad swap 1 2 4 6 3 5
 Bad swap 1 2 3 6 4 5
 Bad swap 1 2 6 3 4 5
 Bad swap 1 2 4 3 6 5
 Bad swap 1 2 3 4 6 5
 Bad swap 1 2 3 5 6 4
 Bad swap 1 2 5 3 6 4
 Bad swap 1 2 6 3 5 4
 Bad swap 1 2 3 6 5 4
 Bad swap 1 2 5 6 3 4
 Bad swap 1 2 6 5 3 4
 Bad swap 1 2 6 5 4 3
 Bad swap 1 2 5 6 4 3
 Bad swap 1 2 4 6 5 3
 Bad swap 1 2 6 4 5 3
 Bad swap 1 2 5 4 6 3
 Found  0 matches.  2 channels remain for integration.
 Checking for BW  1
 Got bw -1 1
 Checking for BW  2
 Got bw -1 1
 Checking for BW  1
 Got bw 1 1
 Checking for BW  2
 Got bw 1 1
